Reading netlist file: "E:\FPGA Projects\spi\impl\gwsynthesis\spi.vg"
Parsing netlist file "E:\FPGA Projects\spi\impl\gwsynthesis\spi.vg" completed
Processing netlist completed
Reading constraint file: "E:\FPGA Projects\spi\src\spi.cst"
Physical Constraint parsed completed
Running placement......
[10%] Placement Phase 0 completed
[20%] Placement Phase 1 completed
[30%] Placement Phase 2 completed
WARN  (TA1132) :  'i_Clk' was determined to be a clock but was not created.
[50%] Placement Phase 3 completed
Running routing......
[60%] Routing Phase 0 completed
[70%] Routing Phase 1 completed
[80%] Routing Phase 2 completed
WARN  (PR1014) : Generic routing resource will be used to clock signal 'i_Clk_d' by the specified constraint. And then it may lead to the excessive delay or skew
[90%] Routing Phase 3 completed
Running timing analysis......
[95%] Timing analysis completed
Placement and routing completed
Bitstream generation in progress......
Bitstream generation completed
Running power analysis......
[100%] Power analysis completed
Generate file "E:\FPGA Projects\spi\impl\pnr\spi.power.html" completed
Generate file "E:\FPGA Projects\spi\impl\pnr\spi.pin.html" completed
Generate file "E:\FPGA Projects\spi\impl\pnr\spi.rpt.html" completed
Generate file "E:\FPGA Projects\spi\impl\pnr\spi.rpt.txt" completed
Generate file "E:\FPGA Projects\spi\impl\pnr\spi.tr.html" completed
Thu Oct  2 02:53:24 2025

